[debug] [2022-10-26T22:16:43.434Z] ----------------------------------------------------------------------
[debug] [2022-10-26T22:16:43.436Z] Command:       D:\Programas\nodejs\node.exe C:\Users\vale_\AppData\Roaming\npm\node_modules\firebase-tools\lib\bin\firebase.js init
[debug] [2022-10-26T22:16:43.437Z] CLI Version:   11.15.0
[debug] [2022-10-26T22:16:43.437Z] Platform:      win32
[debug] [2022-10-26T22:16:43.437Z] Node Version:  v16.16.0
[debug] [2022-10-26T22:16:43.438Z] Time:          Wed Oct 26 2022 19:16:43 GMT-0300 (hora estándar de Argentina)
[debug] [2022-10-26T22:16:43.438Z] ----------------------------------------------------------------------
[debug] 
[debug] [2022-10-26T22:16:43.539Z] > command requires scopes: ["email","openid","https://www.googleapis.com/auth/cloudplatformprojects.readonly","https://www.googleapis.com/auth/firebase","https://www.googleapis.com/auth/cloud-platform"]
[debug] [2022-10-26T22:16:43.539Z] > authorizing via signed-in user (valenrebechi64@gmail.com)
[info] 
     ######## #### ########  ######## ########     ###     ######  ########
     ##        ##  ##     ## ##       ##     ##  ##   ##  ##       ##
     ######    ##  ########  ######   ########  #########  ######  ######
     ##        ##  ##    ##  ##       ##     ## ##     ##       ## ##
     ##       #### ##     ## ######## ########  ##     ##  ######  ########

You're about to initialize a Firebase project in this directory:

  C:\Users\vale_\OneDrive\Escritorio\front\FrontPortolio

Before we get started, keep in mind:

  * You are initializing within an existing Firebase project directory

[info] 
=== Project Setup
[info] 
[info] First, let's associate this project directory with a Firebase project.
[info] You can create multiple project aliases by running firebase use --add, 
[info] but for now we'll just set up a default project.
[info] 
[debug] [2022-10-26T22:16:48.834Z] Using project from CLI flag: front-caa66
[debug] [2022-10-26T22:16:48.838Z] >>> [apiv2][query] GET https://firebase.googleapis.com/v1beta1/projects/front-caa66 [none]
[debug] [2022-10-26T22:16:49.388Z] <<< [apiv2][status] GET https://firebase.googleapis.com/v1beta1/projects/front-caa66 200
[debug] [2022-10-26T22:16:49.388Z] <<< [apiv2][body] GET https://firebase.googleapis.com/v1beta1/projects/front-caa66 {"projectId":"front-caa66","projectNumber":"1022224770309","displayName":"front","name":"projects/front-caa66","resources":{"hostingSite":"front-caa66"},"state":"ACTIVE","etag":"1_591fbbbe-659e-46c8-93b6-be2959ec1ff5"}
[info] i  Using project front-caa66 (front) 
[info] 
=== Hosting Setup
[info] 
[info] Your public directory is the folder (relative to your project directory) that
[info] will contain Hosting assets to be uploaded with firebase deploy. If you
[info] have a build process for your assets, use your build's output directory.
[info] 
